<?xml version="1.0" encoding="UTF-8"?>
<!-- Generated by org.testng.reporters.JUnitXMLReporter -->
<testsuite hostname="VAIO" name="Default test" tests="6" failures="0" timestamp="15 Mar 2017 12:39:36 GMT" time="0.054" errors="0">
  <testcase name="testCalculateBonus1" time="0.016" classname="taskTestNG.EmployeeTestGroups"/>
  <testcase name="testCalculateDetailsPerHour1" time="0.002" classname="taskTestNG.EmployeeTestGroups"/>
  <testcase name="testCalculateFinancialAid1" time="0.002" classname="taskTestNG.EmployeeTestGroups"/>
  <testcase name="testCalculatePaymentsToTheTradeUnion1" time="0.002" classname="taskTestNG.EmployeeTestGroups"/>
  <testcase name="testCalculateSalary" time="0.002" classname="taskTestNG.EmployeeTestGroups"/>
  <testcase name="testCalculateTaxesOnNaturalPerson1" time="0.002" classname="taskTestNG.EmployeeTestGroups"/>
</testsuite> <!-- Default test -->
